# JRE version: OpenJDK Runtime Environment (8.0_212-b04) (build 1.8.0_212-release-1586-b04)
# Java VM: OpenJDK 64-Bit Server VM (25.212-b04 mixed mode windows-amd64 compressed oops)
Heap:
 PSYoungGen      total 225792K, used 56912K [0x00000000e0000000, 0x00000000f6300000, 0x0000000100000000)
  eden space 189952K, 29% used [0x00000000e0000000,0x00000000e3794288,0x00000000eb980000)
  from space 35840K, 0% used [0x00000000eb980000,0x00000000eb980000,0x00000000edc80000)
  to   space 61952K, 0% used [0x00000000f2680000,0x00000000f2680000,0x00000000f6300000)
 ParOldGen       total 136192K, used 68843K [0x00000000a0000000, 0x00000000a8500000, 0x00000000e0000000)
  object space 136192K, 50% used [0x00000000a0000000,0x00000000a433ad20,0x00000000a8500000)
 Metaspace       used 73275K, capacity 76318K, committed 76544K, reserved 1116160K
  class space    used 10080K, capacity 10725K, committed 10752K, reserved 1048576K
GC Heap History (10 events):
Event: 19.588 GC heap before
{Heap before GC invocations=16 (full 3):
 PSYoungGen      total 187392K, used 170496K [0x00000000e0000000, 0x00000000edd80000, 0x0000000100000000)
  eden space 170496K, 100% used [0x00000000e0000000,0x00000000ea680000,0x00000000ea680000)
  from space 16896K, 0% used [0x00000000eb900000,0x00000000eb900000,0x00000000ec980000)
  to   space 18944K, 0% used [0x00000000ea680000,0x00000000ea680000,0x00000000eb900000)
 ParOldGen       total 136192K, used 37105K [0x00000000a0000000, 0x00000000a8500000, 0x00000000e0000000)
  object space 136192K, 27% used [0x00000000a0000000,0x00000000a243c7e8,0x00000000a8500000)
 Metaspace       used 59877K, capacity 62064K, committed 62208K, reserved 1103872K
  class space    used 8187K, capacity 8666K, committed 8704K, reserved 1048576K
Event: 19.620 GC heap after
Heap after GC invocations=16 (full 3):
 PSYoungGen      total 189440K, used 15794K [0x00000000e0000000, 0x00000000ef000000, 0x0000000100000000)
  eden space 170496K, 0% used [0x00000000e0000000,0x00000000e0000000,0x00000000ea680000)
  from space 18944K, 83% used [0x00000000ea680000,0x00000000eb5ec928,0x00000000eb900000)
  to   space 19968K, 0% used [0x00000000edc80000,0x00000000edc80000,0x00000000ef000000)
 ParOldGen       total 136192K, used 37113K [0x00000000a0000000, 0x00000000a8500000, 0x00000000e0000000)
  object space 136192K, 27% used [0x00000000a0000000,0x00000000a243e7e8,0x00000000a8500000)
 Metaspace       used 59877K, capacity 62064K, committed 62208K, reserved 1103872K
  class space    used 8187K, capacity 8666K, committed 8704K, reserved 1048576K
}
Event: 22.861 GC heap before
{Heap before GC invocations=17 (full 3):
 PSYoungGen      total 189440K, used 186290K [0x00000000e0000000, 0x00000000ef000000, 0x0000000100000000)
  eden space 170496K, 100% used [0x00000000e0000000,0x00000000ea680000,0x00000000ea680000)
  from space 18944K, 83% used [0x00000000ea680000,0x00000000eb5ec928,0x00000000eb900000)
  to   space 19968K, 0% used [0x00000000edc80000,0x00000000edc80000,0x00000000ef000000)
 ParOldGen       total 136192K, used 37113K [0x00000000a0000000, 0x00000000a8500000, 0x00000000e0000000)
  object space 136192K, 27% used [0x00000000a0000000,0x00000000a243e7e8,0x00000000a8500000)
 Metaspace       used 62808K, capacity 65180K, committed 65280K, reserved 1105920K
  class space    used 8632K, capacity 9152K, committed 9216K, reserved 1048576K
Event: 22.948 GC heap after
Heap after GC invocations=17 (full 3):
 PSYoungGen      total 209920K, used 19967K [0x00000000e0000000, 0x00000000f1400000, 0x0000000100000000)
  eden space 189952K, 0% used [0x00000000e0000000,0x00000000e0000000,0x00000000eb980000)
  from space 19968K, 99% used [0x00000000edc80000,0x00000000eefffd90,0x00000000ef000000)
  to   space 35840K, 0% used [0x00000000eb980000,0x00000000eb980000,0x00000000edc80000)
 ParOldGen       total 136192K, used 71580K [0x00000000a0000000, 0x00000000a8500000, 0x00000000e0000000)
  object space 136192K, 52% used [0x00000000a0000000,0x00000000a45e7110,0x00000000a8500000)
 Metaspace       used 62808K, capacity 65180K, committed 65280K, reserved 1105920K
  class space    used 8632K, capacity 9152K, committed 9216K, reserved 1048576K
}
Event: 27.589 GC heap before
{Heap before GC invocations=18 (full 3):
 PSYoungGen      total 209920K, used 209919K [0x00000000e0000000, 0x00000000f1400000, 0x0000000100000000)
  eden space 189952K, 100% used [0x00000000e0000000,0x00000000eb980000,0x00000000eb980000)
  from space 19968K, 99% used [0x00000000edc80000,0x00000000eefffd90,0x00000000ef000000)
  to   space 35840K, 0% used [0x00000000eb980000,0x00000000eb980000,0x00000000edc80000)
 ParOldGen       total 136192K, used 71580K [0x00000000a0000000, 0x00000000a8500000, 0x00000000e0000000)
  object space 136192K, 52% used [0x00000000a0000000,0x00000000a45e7110,0x00000000a8500000)
 Metaspace       used 66123K, capacity 68778K, committed 68864K, reserved 1107968K
  class space    used 9132K, capacity 9715K, committed 9728K, reserved 1048576K
Event: 27.717 GC heap after
Heap after GC invocations=18 (full 3):
 PSYoungGen      total 225792K, used 35826K [0x00000000e0000000, 0x00000000f6300000, 0x0000000100000000)
  eden space 189952K, 0% used [0x00000000e0000000,0x00000000e0000000,0x00000000eb980000)
  from space 35840K, 99% used [0x00000000eb980000,0x00000000edc7c910,0x00000000edc80000)
  to   space 61952K, 0% used [0x00000000f2680000,0x00000000f2680000,0x00000000f6300000)
 ParOldGen       total 136192K, used 126481K [0x00000000a0000000, 0x00000000a8500000, 0x00000000e0000000)
  object space 136192K, 92% used [0x00000000a0000000,0x00000000a7b84660,0x00000000a8500000)
 Metaspace       used 66123K, capacity 68778K, committed 68864K, reserved 1107968K
  class space    used 9132K, capacity 9715K, committed 9728K, reserved 1048576K
}
Event: 27.717 GC heap before
{Heap before GC invocations=19 (full 4):
 PSYoungGen      total 225792K, used 35826K [0x00000000e0000000, 0x00000000f6300000, 0x0000000100000000)
  eden space 189952K, 0% used [0x00000000e0000000,0x00000000e0000000,0x00000000eb980000)
  from space 35840K, 99% used [0x00000000eb980000,0x00000000edc7c910,0x00000000edc80000)
  to   space 61952K, 0% used [0x00000000f2680000,0x00000000f2680000,0x00000000f6300000)
 ParOldGen       total 136192K, used 126481K [0x00000000a0000000, 0x00000000a8500000, 0x00000000e0000000)
  object space 136192K, 92% used [0x00000000a0000000,0x00000000a7b84660,0x00000000a8500000)
 Metaspace       used 66123K, capacity 68778K, committed 68864K, reserved 1107968K
  class space    used 9132K, capacity 9715K, committed 9728K, reserved 1048576K
Event: 28.711 GC heap after
Heap after GC invocations=19 (full 4):
 PSYoungGen      total 225792K, used 6844K [0x00000000e0000000, 0x00000000f6300000, 0x0000000100000000)
  eden space 189952K, 0% used [0x00000000e0000000,0x00000000e0000000,0x00000000eb980000)
  from space 35840K, 19% used [0x00000000eb980000,0x00000000ec02f070,0x00000000edc80000)
  to   space 61952K, 0% used [0x00000000f2680000,0x00000000f2680000,0x00000000f6300000)
 ParOldGen       total 136192K, used 135522K [0x00000000a0000000, 0x00000000a8500000, 0x00000000e0000000)
  object space 136192K, 99% used [0x00000000a0000000,0x00000000a8458888,0x00000000a8500000)
 Metaspace       used 66026K, capacity 68520K, committed 68864K, reserved 1107968K
  class space    used 9099K, capacity 9656K, committed 9728K, reserved 1048576K
}
Event: 31.959 GC heap before
{Heap before GC invocations=20 (full 5):
 PSYoungGen      total 225792K, used 196796K [0x00000000e0000000, 0x00000000f6300000, 0x0000000100000000)
  eden space 189952K, 100% used [0x00000000e0000000,0x00000000eb980000,0x00000000eb980000)
  from space 35840K, 19% used [0x00000000eb980000,0x00000000ec02f070,0x00000000edc80000)
  to   space 61952K, 0% used [0x00000000f2680000,0x00000000f2680000,0x00000000f6300000)
 ParOldGen       total 136192K, used 135522K [0x00000000a0000000, 0x00000000a8500000, 0x00000000e0000000)
  object space 136192K, 99% used [0x00000000a0000000,0x00000000a8458888,0x00000000a8500000)
 Metaspace       used 70099K, capacity 72956K, committed 73088K, reserved 1112064K
  class space    used 9645K, capacity 10264K, committed 10368K, reserved 1048576K
Event: 32.140 GC heap after
Heap after GC invocations=20 (full 5):
 PSYoungGen      total 225792K, used 0K [0x00000000e0000000, 0x00000000f6300000, 0x0000000100000000)
  eden space 189952K, 0% used [0x00000000e0000000,0x00000000e0000000,0x00000000eb980000)
  from space 35840K, 0% used [0x00000000eb980000,0x00000000eb980000,0x00000000edc80000)
  to   space 61952K, 0% used [0x00000000f2680000,0x00000000f2680000,0x00000000f6300000)
 ParOldGen       total 136192K, used 68843K [0x00000000a0000000, 0x00000000a8500000, 0x00000000e0000000)
  object space 136192K, 50% used [0x00000000a0000000,0x00000000a433ad20,0x00000000a8500000)
 Metaspace       used 70099K, capacity 72956K, committed 73088K, reserved 1112064K
  class space    used 9645K, capacity 10264K, committed 10368K, reserved 1048576K
}

