# JRE version: OpenJDK Runtime Environment (8.0_212-b04) (build 1.8.0_212-release-1586-b04)
# Java VM: OpenJDK 64-Bit Server VM (25.212-b04 mixed mode windows-amd64 compressed oops)
Heap:
 PSYoungGen      total 238592K, used 132701K [0x00000000e0000000, 0x00000000f5b00000, 0x0000000100000000)
  eden space 208896K, 63% used [0x00000000e0000000,0x00000000e81d0460,0x00000000ecc00000)
  from space 29696K, 0% used [0x00000000ecc00000,0x00000000ecc00000,0x00000000ee900000)
  to   space 53760K, 0% used [0x00000000f2680000,0x00000000f2680000,0x00000000f5b00000)
 ParOldGen       total 141824K, used 141554K [0x00000000a0000000, 0x00000000a8a80000, 0x00000000e0000000)
  object space 141824K, 99% used [0x00000000a0000000,0x00000000a8a3cab0,0x00000000a8a80000)
 Metaspace       used 82451K, capacity 85542K, committed 86144K, reserved 1124352K
  class space    used 10871K, capacity 11499K, committed 11648K, reserved 1048576K
GC Heap History (10 events):
Event: 24.363 GC heap before
{Heap before GC invocations=17 (full 3):
 PSYoungGen      total 190464K, used 190441K [0x00000000e0000000, 0x00000000efc00000, 0x0000000100000000)
  eden space 174080K, 100% used [0x00000000e0000000,0x00000000eaa00000,0x00000000eaa00000)
  from space 16384K, 99% used [0x00000000eaa00000,0x00000000eb9fa4f8,0x00000000eba00000)
  to   space 19456K, 0% used [0x00000000ee900000,0x00000000ee900000,0x00000000efc00000)
 ParOldGen       total 141824K, used 39568K [0x00000000a0000000, 0x00000000a8a80000, 0x00000000e0000000)
  object space 141824K, 27% used [0x00000000a0000000,0x00000000a26a4300,0x00000000a8a80000)
 Metaspace       used 65834K, capacity 68316K, committed 68352K, reserved 1107968K
  class space    used 8917K, capacity 9450K, committed 9472K, reserved 1048576K
Event: 24.399 GC heap after
Heap after GC invocations=17 (full 3):
 PSYoungGen      total 229376K, used 12728K [0x00000000e0000000, 0x00000000ef780000, 0x0000000100000000)
  eden space 214528K, 0% used [0x00000000e0000000,0x00000000e0000000,0x00000000ed180000)
  from space 14848K, 85% used [0x00000000ee900000,0x00000000ef56e3a0,0x00000000ef780000)
  to   space 19456K, 0% used [0x00000000ed180000,0x00000000ed180000,0x00000000ee480000)
 ParOldGen       total 141824K, used 53546K [0x00000000a0000000, 0x00000000a8a80000, 0x00000000e0000000)
  object space 141824K, 37% used [0x00000000a0000000,0x00000000a344a808,0x00000000a8a80000)
 Metaspace       used 65834K, capacity 68316K, committed 68352K, reserved 1107968K
  class space    used 8917K, capacity 9450K, committed 9472K, reserved 1048576K
}
Event: 29.171 GC heap before
{Heap before GC invocations=18 (full 3):
 PSYoungGen      total 229376K, used 227256K [0x00000000e0000000, 0x00000000ef780000, 0x0000000100000000)
  eden space 214528K, 100% used [0x00000000e0000000,0x00000000ed180000,0x00000000ed180000)
  from space 14848K, 85% used [0x00000000ee900000,0x00000000ef56e3a0,0x00000000ef780000)
  to   space 19456K, 0% used [0x00000000ed180000,0x00000000ed180000,0x00000000ee480000)
 ParOldGen       total 141824K, used 53546K [0x00000000a0000000, 0x00000000a8a80000, 0x00000000e0000000)
  object space 141824K, 37% used [0x00000000a0000000,0x00000000a344a808,0x00000000a8a80000)
 Metaspace       used 73094K, capacity 75612K, committed 75776K, reserved 1114112K
  class space    used 9680K, capacity 10234K, committed 10240K, reserved 1048576K
Event: 29.229 GC heap after
Heap after GC invocations=18 (full 3):
 PSYoungGen      total 233984K, used 19428K [0x00000000e0000000, 0x00000000ef780000, 0x0000000100000000)
  eden space 214528K, 0% used [0x00000000e0000000,0x00000000e0000000,0x00000000ed180000)
  from space 19456K, 99% used [0x00000000ed180000,0x00000000ee4790e0,0x00000000ee480000)
  to   space 14848K, 0% used [0x00000000ee900000,0x00000000ee900000,0x00000000ef780000)
 ParOldGen       total 141824K, used 58936K [0x00000000a0000000, 0x00000000a8a80000, 0x00000000e0000000)
  object space 141824K, 41% used [0x00000000a0000000,0x00000000a398e328,0x00000000a8a80000)
 Metaspace       used 73094K, capacity 75612K, committed 75776K, reserved 1114112K
  class space    used 9680K, capacity 10234K, committed 10240K, reserved 1048576K
}
Event: 33.353 GC heap before
{Heap before GC invocations=19 (full 3):
 PSYoungGen      total 233984K, used 229134K [0x00000000e0000000, 0x00000000ef780000, 0x0000000100000000)
  eden space 214528K, 97% used [0x00000000e0000000,0x00000000eccca898,0x00000000ed180000)
  from space 19456K, 99% used [0x00000000ed180000,0x00000000ee4790e0,0x00000000ee480000)
  to   space 14848K, 0% used [0x00000000ee900000,0x00000000ee900000,0x00000000ef780000)
 ParOldGen       total 141824K, used 58936K [0x00000000a0000000, 0x00000000a8a80000, 0x00000000e0000000)
  object space 141824K, 41% used [0x00000000a0000000,0x00000000a398e328,0x00000000a8a80000)
 Metaspace       used 81593K, capacity 84950K, committed 85248K, reserved 1122304K
  class space    used 10791K, capacity 11457K, committed 11520K, reserved 1048576K
Event: 33.385 GC heap after
Heap after GC invocations=19 (full 3):
 PSYoungGen      total 223744K, used 14830K [0x00000000e0000000, 0x00000000f3580000, 0x0000000100000000)
  eden space 208896K, 0% used [0x00000000e0000000,0x00000000e0000000,0x00000000ecc00000)
  from space 14848K, 99% used [0x00000000ee900000,0x00000000ef77b968,0x00000000ef780000)
  to   space 29696K, 0% used [0x00000000ecc00000,0x00000000ecc00000,0x00000000ee900000)
 ParOldGen       total 141824K, used 74570K [0x00000000a0000000, 0x00000000a8a80000, 0x00000000e0000000)
  object space 141824K, 52% used [0x00000000a0000000,0x00000000a48d28d8,0x00000000a8a80000)
 Metaspace       used 81593K, capacity 84950K, committed 85248K, reserved 1122304K
  class space    used 10791K, capacity 11457K, committed 11520K, reserved 1048576K
}
Event: 36.002 GC heap before
{Heap before GC invocations=20 (full 3):
 PSYoungGen      total 223744K, used 223723K [0x00000000e0000000, 0x00000000f3580000, 0x0000000100000000)
  eden space 208896K, 99% used [0x00000000e0000000,0x00000000ecbff2a8,0x00000000ecc00000)
  from space 14848K, 99% used [0x00000000ee900000,0x00000000ef77b968,0x00000000ef780000)
  to   space 29696K, 0% used [0x00000000ecc00000,0x00000000ecc00000,0x00000000ee900000)
 ParOldGen       total 141824K, used 74570K [0x00000000a0000000, 0x00000000a8a80000, 0x00000000e0000000)
  object space 141824K, 52% used [0x00000000a0000000,0x00000000a48d28d8,0x00000000a8a80000)
 Metaspace       used 82536K, capacity 85976K, committed 86144K, reserved 1124352K
  class space    used 10931K, capacity 11606K, committed 11648K, reserved 1048576K
Event: 36.153 GC heap after
Heap after GC invocations=20 (full 3):
 PSYoungGen      total 238592K, used 29665K [0x00000000e0000000, 0x00000000f5b00000, 0x0000000100000000)
  eden space 208896K, 0% used [0x00000000e0000000,0x00000000e0000000,0x00000000ecc00000)
  from space 29696K, 99% used [0x00000000ecc00000,0x00000000ee8f87c8,0x00000000ee900000)
  to   space 53760K, 0% used [0x00000000f2680000,0x00000000f2680000,0x00000000f5b00000)
 ParOldGen       total 141824K, used 127622K [0x00000000a0000000, 0x00000000a8a80000, 0x00000000e0000000)
  object space 141824K, 89% used [0x00000000a0000000,0x00000000a7ca19d8,0x00000000a8a80000)
 Metaspace       used 82536K, capacity 85976K, committed 86144K, reserved 1124352K
  class space    used 10931K, capacity 11606K, committed 11648K, reserved 1048576K
}
Event: 36.154 GC heap before
{Heap before GC invocations=21 (full 4):
 PSYoungGen      total 238592K, used 29665K [0x00000000e0000000, 0x00000000f5b00000, 0x0000000100000000)
  eden space 208896K, 0% used [0x00000000e0000000,0x00000000e0000000,0x00000000ecc00000)
  from space 29696K, 99% used [0x00000000ecc00000,0x00000000ee8f87c8,0x00000000ee900000)
  to   space 53760K, 0% used [0x00000000f2680000,0x00000000f2680000,0x00000000f5b00000)
 ParOldGen       total 141824K, used 127622K [0x00000000a0000000, 0x00000000a8a80000, 0x00000000e0000000)
  object space 141824K, 89% used [0x00000000a0000000,0x00000000a7ca19d8,0x00000000a8a80000)
 Metaspace       used 82536K, capacity 85976K, committed 86144K, reserved 1124352K
  class space    used 10931K, capacity 11606K, committed 11648K, reserved 1048576K
Event: 37.524 GC heap after
Heap after GC invocations=21 (full 4):
 PSYoungGen      total 238592K, used 0K [0x00000000e0000000, 0x00000000f5b00000, 0x0000000100000000)
  eden space 208896K, 0% used [0x00000000e0000000,0x00000000e0000000,0x00000000ecc00000)
  from space 29696K, 0% used [0x00000000ecc00000,0x00000000ecc00000,0x00000000ee900000)
  to   space 53760K, 0% used [0x00000000f2680000,0x00000000f2680000,0x00000000f5b00000)
 ParOldGen       total 141824K, used 141554K [0x00000000a0000000, 0x00000000a8a80000, 0x00000000e0000000)
  object space 141824K, 99% used [0x00000000a0000000,0x00000000a8a3cab0,0x00000000a8a80000)
 Metaspace       used 82356K, capacity 85478K, committed 86144K, reserved 1124352K
  class space    used 10871K, capacity 11499K, committed 11648K, reserved 1048576K
}

